<?xml version="1.0" encoding="UTF-8"?>
<!-- Generated by org.testng.reporters.JUnitReportReporter -->
<testsuite hostname="qedge-PC" name="testtprog.extentreportgeneration" tests="1" failures="0" timestamp="4 Jan 2016 09:00:22 GMT" time="34.651" errors="0">
  <testcase name="reporttest" time="34.651" classname="testtprog.extentreportgeneration"/>
</testsuite> <!-- testtprog.extentreportgeneration -->
