<?xml version="1.0" encoding="UTF-8"?>
<!-- Generated by org.testng.reporters.JUnitReportReporter -->
<testsuite hostname="qedge-PC" name="testtprog.goggle" tests="1" failures="0" timestamp="2 Jan 2016 07:24:34 GMT" time="6.994" errors="0">
  <testcase name="rahul" time="6.994" classname="testtprog.goggle"/>
</testsuite> <!-- testtprog.goggle -->
