<?xml version="1.0" encoding="UTF-8"?>
<!-- Generated by org.testng.reporters.JUnitReportReporter -->
<testsuite hostname="qedge-PC" name="framework.sample" tests="1" failures="0" timestamp="2 Jan 2016 07:11:32 GMT" time="23.143" errors="0">
  <testcase name="ravitest" time="23.143" classname="framework.sample"/>
</testsuite> <!-- framework.sample -->
