<?xml version="1.0" encoding="UTF-8"?>
<!-- Generated by org.testng.reporters.JUnitReportReporter -->
<testsuite hostname="qedge-PC" name="jan5.gridprogram1" tests="1" failures="0" timestamp="5 Jan 2016 08:42:16 GMT" time="27.444" errors="0">
  <testcase name="logintest" time="27.444" classname="jan5.gridprogram1"/>
</testsuite> <!-- jan5.gridprogram1 -->
