<?xml version="1.0" encoding="UTF-8"?>
<!-- Generated by org.testng.reporters.JUnitReportReporter -->
<testsuite hostname="qedge-PC" name="jan4.Testcase1" tests="1" failures="0" timestamp="4 Jan 2016 11:50:54 GMT" time="12.465" errors="0">
  <testcase name="logintest" time="12.465" classname="jan4.Testcase1"/>
</testsuite> <!-- jan4.Testcase1 -->
