<?xml version="1.0" encoding="UTF-8"?>
<!-- Generated by org.testng.reporters.JUnitReportReporter -->
<testsuite hostname="qedge-PC" name="testcase2" tests="1" failures="0" timestamp="4 Jan 2016 11:51:44 GMT" time="35.258" errors="0">
  <testcase name="registertest" time="35.258" classname="testcase2"/>
</testsuite> <!-- testcase2 -->
