<?xml version="1.0" encoding="UTF-8"?>
<!-- Generated by org.testng.reporters.JUnitReportReporter -->
<testsuite hostname="qedge-PC" name="testtprog.gmail" tests="1" failures="0" timestamp="4 Jan 2016 08:20:36 GMT" time="7.278" errors="0">
  <testcase name="ravitset" time="7.278" classname="testtprog.gmail"/>
</testsuite> <!-- testtprog.gmail -->
